<?xml version="1.0" encoding="UTF-8"?>
<testsuite xmlns:xsi="http://www.w3.org/2001/XMLSchema-instance" xsi:noNamespaceSchemaLocation="https://maven.apache.org/surefire/maven-surefire-plugin/xsd/surefire-test-report.xsd" name="com.runner.CucumberRunner" time="0.069" tests="1" errors="1" skipped="0" failures="0">
  <properties>
[...]
</properties>
  <testcase name="initializationError" classname="com.runner.CucumberRunner" time="0.007">
    <error message="Couldn&apos;t load plugin class: html.target/cucumber-html-report" type="cucumber.runtime.CucumberException">cucumber.runtime.CucumberException: Couldn't load plugin class: html.target/cucumber-html-report
Caused by: java.lang.ClassNotFoundException: html.target/cucumber-html-report
</error>
  </testcase>
</testsuite>